2025-07-16 02:03:56 [INFO] User admin logged in successfully IP: ::1
2025-07-16 02:04:45 [INFO] File uploaded: C:\xampp\htdocs\file-manager\public//bootstrap.bundle.js IP: ::1
2025-07-16 02:04:55 [INFO] File deleted: C:\xampp\htdocs\file-manager\public/bootstrap.bundle.js IP: ::1
2025-07-16 02:11:58 [INFO] User admin logged out IP: ::1
2025-07-16 02:12:17 [INFO] User admin logged in successfully IP: ::1
2025-07-16 02:30:35 [INFO] Directory created: C:\xampp\htdocs\file-manager\public//view IP: ::1
2025-07-16 03:17:09 [INFO] User admin logged in successfully IP: 127.0.0.1
2025-07-16 03:17:30 [INFO] User admin logged out IP: 127.0.0.1
2025-07-16 03:17:37 [INFO] User user logged in successfully IP: 127.0.0.1
2025-07-17 01:54:18 [INFO] User admin logged in successfully IP: ::1
2025-07-18 02:29:06 [INFO] User admin logged in successfully IP: ::1
2025-07-18 02:29:59 [INFO] User admin logged out IP: ::1
2025-07-18 02:30:08 [INFO] User user logged in successfully IP: ::1
2025-07-19 06:49:36 [INFO] User user logged in successfully IP: ::1
2025-07-19 06:50:10 [INFO] File uploaded: C:\xampp\htdocs\filemanager\public//prompt.txt IP: ::1
2025-07-19 06:50:10 [INFO] File uploaded: C:\xampp\htdocs\filemanager\public//readme.txt IP: ::1
2025-07-19 07:50:34 [WARNING] Failed login attempt for user: chavda IP: ::1
2025-07-19 07:50:43 [INFO] User admin logged in successfully IP: ::1
2025-07-19 10:04:38 [INFO] User admin logged in successfully IP: ::1
2025-07-19 10:05:13 [INFO] User admin logged out IP: ::1
2025-07-19 10:05:26 [INFO] User user logged in successfully IP: ::1
2025-07-19 11:11:54 [INFO] User user logged in successfully IP: ::1
2025-07-19 11:11:56 [INFO] User user logged in successfully IP: ::1
2025-07-31 01:00:37 [INFO] User admin logged in successfully IP: ::1
